0 info it worked if it ends with ok
1 verbose cli [ '/usr/local/Cellar/nvm/0.31.0/versions/node/v5.11.0/bin/node',
1 verbose cli   '/usr/local/Cellar/nvm/0.31.0/versions/node/v5.11.0/bin/npm',
1 verbose cli   'run',
1 verbose cli   'babel-node',
1 verbose cli   './index.js' ]
2 info using npm@3.8.6
3 info using node@v5.11.0
4 verbose run-script [ 'prebabel-node', 'babel-node', 'postbabel-node' ]
5 info lifecycle voting-server@1.0.0~prebabel-node: voting-server@1.0.0
6 silly lifecycle voting-server@1.0.0~prebabel-node: no script for prebabel-node, continuing
7 info lifecycle voting-server@1.0.0~babel-node: voting-server@1.0.0
8 verbose lifecycle voting-server@1.0.0~babel-node: unsafe-perm in lifecycle true
9 verbose lifecycle voting-server@1.0.0~babel-node: PATH: /usr/local/Cellar/nvm/0.31.0/versions/node/v5.11.0/lib/node_modules/npm/bin/node-gyp-bin:/Users/markeverett/dev/hackathon/server/node_modules/.bin:/usr/local/Cellar/nvm/0.31.0/versions/node/v5.11.0/bin:/usr/local/Cellar/nvm/0.31.0/versions/node/v5.11.0/lib/node_modules/npm/bin/node-gyp-bin:/Users/markeverett/dev/hackathon/server/node_modules/.bin:/usr/local/Cellar/nvm/0.31.0/versions/node/v5.11.0/bin:/usr/local/Cellar/nvm/0.31.0/versions/node/v5.11.0/bin:/Users/markeverett/.avn/bin:/opt/boxen/rbenv/shims:/usr/local/heroku/bin:/opt/local/bin:/opt/local/sbin:/usr/local/bin:/usr/local/mysql/bin:/opt/boxen/rbenv/bin:bin:/opt/boxen/rbenv/shims:/opt/boxen/rbenv/bin:/opt/boxen/ruby-build/bin:./node_modules/.bin:/opt/boxen/nodenv/shims:/opt/boxen/nodenv/bin:/opt/boxen/node-build/bin:/usr/local/bin:/usr/local/sbin:/opt/boxen/bin:/usr/local/bin:/usr/bin:/bin:/usr/sbin:/sbin:/Applications/Postgres.app/Contents/Versions/9.4/bin
10 verbose lifecycle voting-server@1.0.0~babel-node: CWD: /Users/markeverett/dev/hackathon/server
11 silly lifecycle voting-server@1.0.0~babel-node: Args: [ '-c', 'babel-node --presets=es2015 "./index.js"' ]
12 silly lifecycle voting-server@1.0.0~babel-node: Returned: code: 1  signal: null
13 info lifecycle voting-server@1.0.0~babel-node: Failed to exec babel-node script
14 verbose stack Error: voting-server@1.0.0 babel-node: `babel-node --presets=es2015 "./index.js"`
14 verbose stack Exit status 1
14 verbose stack     at EventEmitter.<anonymous> (/usr/local/Cellar/nvm/0.31.0/versions/node/v5.11.0/lib/node_modules/npm/lib/utils/lifecycle.js:239:16)
14 verbose stack     at emitTwo (events.js:100:13)
14 verbose stack     at EventEmitter.emit (events.js:185:7)
14 verbose stack     at ChildProcess.<anonymous> (/usr/local/Cellar/nvm/0.31.0/versions/node/v5.11.0/lib/node_modules/npm/lib/utils/spawn.js:24:14)
14 verbose stack     at emitTwo (events.js:100:13)
14 verbose stack     at ChildProcess.emit (events.js:185:7)
14 verbose stack     at maybeClose (internal/child_process.js:850:16)
14 verbose stack     at Process.ChildProcess._handle.onexit (internal/child_process.js:215:5)
15 verbose pkgid voting-server@1.0.0
16 verbose cwd /Users/markeverett/dev/hackathon/server
17 error Darwin 15.5.0
18 error argv "/usr/local/Cellar/nvm/0.31.0/versions/node/v5.11.0/bin/node" "/usr/local/Cellar/nvm/0.31.0/versions/node/v5.11.0/bin/npm" "run" "babel-node" "./index.js"
19 error node v5.11.0
20 error npm  v3.8.6
21 error code ELIFECYCLE
22 error voting-server@1.0.0 babel-node: `babel-node --presets=es2015 "./index.js"`
22 error Exit status 1
23 error Failed at the voting-server@1.0.0 babel-node script 'babel-node --presets=es2015 "./index.js"'.
23 error Make sure you have the latest version of node.js and npm installed.
23 error If you do, this is most likely a problem with the voting-server package,
23 error not with npm itself.
23 error Tell the author that this fails on your system:
23 error     babel-node --presets=es2015 "./index.js"
23 error You can get information on how to open an issue for this project with:
23 error     npm bugs voting-server
23 error Or if that isn't available, you can get their info via:
23 error     npm owner ls voting-server
23 error There is likely additional logging output above.
24 verbose exit [ 1, true ]
